# JRE version: 6.0_30-b30
# Java VM: OpenJDK 64-Bit Server VM (23.25-b01 mixed mode linux-amd64 compressed oops)
Heap
 par new generation   total 39296K, used 15179K [0x00000000bb400000, 0x00000000bdea0000, 0x00000000cae00000)
  eden space 34944K,  37% used [0x00000000bb400000, 0x00000000bc0aaee8, 0x00000000bd620000)
  from space 4352K,  50% used [0x00000000bda60000, 0x00000000bdc87e58, 0x00000000bdea0000)
  to   space 4352K,   0% used [0x00000000bd620000, 0x00000000bd620000, 0x00000000bda60000)
 concurrent mark-sweep generation total 178384K, used 110986K [0x00000000cae00000, 0x00000000d5c34000, 0x00000000ea200000)
 concurrent-mark-sweep perm gen total 176936K, used 108398K [0x00000000ea200000, 0x00000000f4eca000, 0x0000000100000000)
GC Heap History (10 events):
Event: 407.695 GC heap before
{Heap before GC invocations=62 (full 4):
 par new generation   total 39296K, used 37537K [0x00000000bb400000, 0x00000000bdea0000, 0x00000000cae00000)
  eden space 34944K, 100% used [0x00000000bb400000, 0x00000000bd620000, 0x00000000bd620000)
  from space 4352K,  59% used [0x00000000bd620000, 0x00000000bd8a86a8, 0x00000000bda60000)
  to   space 4352K,   0% used [0x00000000bda60000, 0x00000000bda60000, 0x00000000bdea0000)
 concurrent mark-sweep generation total 178384K, used 109992K [0x00000000cae00000, 0x00000000d5c34000, 0x00000000ea200000)
 concurrent-mark-sweep perm gen total 176936K, used 107924K [0x00000000ea200000, 0x00000000f4eca000, 0x0000000100000000)
Event: 407.702 GC heap after
Heap after GC invocations=63 (full 4):
 par new generation   total 39296K, used 2707K [0x00000000bb400000, 0x00000000bdea0000, 0x00000000cae00000)
  eden space 34944K,   0% used [0x00000000bb400000, 0x00000000bb400000, 0x00000000bd620000)
  from space 4352K,  62% used [0x00000000bda60000, 0x00000000bdd04d10, 0x00000000bdea0000)
  to   space 4352K,   0% used [0x00000000bd620000, 0x00000000bd620000, 0x00000000bda60000)
 concurrent mark-sweep generation total 178384K, used 110812K [0x00000000cae00000, 0x00000000d5c34000, 0x00000000ea200000)
 concurrent-mark-sweep perm gen total 176936K, used 107924K [0x00000000ea200000, 0x00000000f4eca000, 0x0000000100000000)
}
Event: 416.634 GC heap before
{Heap before GC invocations=63 (full 4):
 par new generation   total 39296K, used 37651K [0x00000000bb400000, 0x00000000bdea0000, 0x00000000cae00000)
  eden space 34944K, 100% used [0x00000000bb400000, 0x00000000bd620000, 0x00000000bd620000)
  from space 4352K,  62% used [0x00000000bda60000, 0x00000000bdd04d10, 0x00000000bdea0000)
  to   space 4352K,   0% used [0x00000000bd620000, 0x00000000bd620000, 0x00000000bda60000)
 concurrent mark-sweep generation total 178384K, used 110812K [0x00000000cae00000, 0x00000000d5c34000, 0x00000000ea200000)
 concurrent-mark-sweep perm gen total 176936K, used 107963K [0x00000000ea200000, 0x00000000f4eca000, 0x0000000100000000)
Event: 416.640 GC heap after
Heap after GC invocations=64 (full 4):
 par new generation   total 39296K, used 2311K [0x00000000bb400000, 0x00000000bdea0000, 0x00000000cae00000)
  eden space 34944K,   0% used [0x00000000bb400000, 0x00000000bb400000, 0x00000000bd620000)
  from space 4352K,  53% used [0x00000000bd620000, 0x00000000bd861cf0, 0x00000000bda60000)
  to   space 4352K,   0% used [0x00000000bda60000, 0x00000000bda60000, 0x00000000bdea0000)
 concurrent mark-sweep generation total 178384K, used 110812K [0x00000000cae00000, 0x00000000d5c34000, 0x00000000ea200000)
 concurrent-mark-sweep perm gen total 176936K, used 107963K [0x00000000ea200000, 0x00000000f4eca000, 0x0000000100000000)
}
Event: 428.269 GC heap before
{Heap before GC invocations=64 (full 4):
 par new generation   total 39296K, used 37255K [0x00000000bb400000, 0x00000000bdea0000, 0x00000000cae00000)
  eden space 34944K, 100% used [0x00000000bb400000, 0x00000000bd620000, 0x00000000bd620000)
  from space 4352K,  53% used [0x00000000bd620000, 0x00000000bd861cf0, 0x00000000bda60000)
  to   space 4352K,   0% used [0x00000000bda60000, 0x00000000bda60000, 0x00000000bdea0000)
 concurrent mark-sweep generation total 178384K, used 110812K [0x00000000cae00000, 0x00000000d5c34000, 0x00000000ea200000)
 concurrent-mark-sweep perm gen total 176936K, used 108269K [0x00000000ea200000, 0x00000000f4eca000, 0x0000000100000000)
Event: 428.277 GC heap after
Heap after GC invocations=65 (full 4):
 par new generation   total 39296K, used 2873K [0x00000000bb400000, 0x00000000bdea0000, 0x00000000cae00000)
  eden space 34944K,   0% used [0x00000000bb400000, 0x00000000bb400000, 0x00000000bd620000)
  from space 4352K,  66% used [0x00000000bda60000, 0x00000000bdd2e578, 0x00000000bdea0000)
  to   space 4352K,   0% used [0x00000000bd620000, 0x00000000bd620000, 0x00000000bda60000)
 concurrent mark-sweep generation total 178384K, used 110812K [0x00000000cae00000, 0x00000000d5c34000, 0x00000000ea200000)
 concurrent-mark-sweep perm gen total 176936K, used 108269K [0x00000000ea200000, 0x00000000f4eca000, 0x0000000100000000)
}
Event: 480.470 GC heap before
{Heap before GC invocations=65 (full 4):
 par new generation   total 39296K, used 37817K [0x00000000bb400000, 0x00000000bdea0000, 0x00000000cae00000)
  eden space 34944K, 100% used [0x00000000bb400000, 0x00000000bd620000, 0x00000000bd620000)
  from space 4352K,  66% used [0x00000000bda60000, 0x00000000bdd2e578, 0x00000000bdea0000)
  to   space 4352K,   0% used [0x00000000bd620000, 0x00000000bd620000, 0x00000000bda60000)
 concurrent mark-sweep generation total 178384K, used 110812K [0x00000000cae00000, 0x00000000d5c34000, 0x00000000ea200000)
 concurrent-mark-sweep perm gen total 176936K, used 108362K [0x00000000ea200000, 0x00000000f4eca000, 0x0000000100000000)
Event: 480.476 GC heap after
Heap after GC invocations=66 (full 4):
 par new generation   total 39296K, used 2350K [0x00000000bb400000, 0x00000000bdea0000, 0x00000000cae00000)
  eden space 34944K,   0% used [0x00000000bb400000, 0x00000000bb400000, 0x00000000bd620000)
  from space 4352K,  54% used [0x00000000bd620000, 0x00000000bd86bb50, 0x00000000bda60000)
  to   space 4352K,   0% used [0x00000000bda60000, 0x00000000bda60000, 0x00000000bdea0000)
 concurrent mark-sweep generation total 178384K, used 110812K [0x00000000cae00000, 0x00000000d5c34000, 0x00000000ea200000)
 concurrent-mark-sweep perm gen total 176936K, used 108362K [0x00000000ea200000, 0x00000000f4eca000, 0x0000000100000000)
}
Event: 526.399 GC heap before
{Heap before GC invocations=66 (full 4):
 par new generation   total 39296K, used 37294K [0x00000000bb400000, 0x00000000bdea0000, 0x00000000cae00000)
  eden space 34944K, 100% used [0x00000000bb400000, 0x00000000bd620000, 0x00000000bd620000)
  from space 4352K,  54% used [0x00000000bd620000, 0x00000000bd86bb50, 0x00000000bda60000)
  to   space 4352K,   0% used [0x00000000bda60000, 0x00000000bda60000, 0x00000000bdea0000)
 concurrent mark-sweep generation total 178384K, used 110812K [0x00000000cae00000, 0x00000000d5c34000, 0x00000000ea200000)
 concurrent-mark-sweep perm gen total 176936K, used 108392K [0x00000000ea200000, 0x00000000f4eca000, 0x0000000100000000)
Event: 526.407 GC heap after
Heap after GC invocations=67 (full 4):
 par new generation   total 39296K, used 2207K [0x00000000bb400000, 0x00000000bdea0000, 0x00000000cae00000)
  eden space 34944K,   0% used [0x00000000bb400000, 0x00000000bb400000, 0x00000000bd620000)
  from space 4352K,  50% used [0x00000000bda60000, 0x00000000bdc87e58, 0x00000000bdea0000)
  to   space 4352K,   0% used [0x00000000bd620000, 0x00000000bd620000, 0x00000000bda60000)
 concurrent mark-sweep generation total 178384K, used 110986K [0x00000000cae00000, 0x00000000d5c34000, 0x00000000ea200000)
 concurrent-mark-sweep perm gen total 176936K, used 108392K [0x00000000ea200000, 0x00000000f4eca000, 0x0000000100000000)
}

