# JRE version: 6.0_30-b30
# Java VM: OpenJDK 64-Bit Server VM (23.25-b01 mixed mode linux-amd64 compressed oops)
Heap
 par new generation   total 39296K, used 27986K [0x00000000bb400000, 0x00000000bdea0000, 0x00000000cae00000)
  eden space 34944K,  74% used [0x00000000bb400000, 0x00000000bcd435a8, 0x00000000bd620000)
  from space 4352K,  48% used [0x00000000bda60000, 0x00000000bdc71408, 0x00000000bdea0000)
  to   space 4352K,   0% used [0x00000000bd620000, 0x00000000bd620000, 0x00000000bda60000)
 concurrent mark-sweep generation total 136868K, used 101565K [0x00000000cae00000, 0x00000000d33a9000, 0x00000000ea200000)
 concurrent-mark-sweep perm gen total 158120K, used 102811K [0x00000000ea200000, 0x00000000f3c6a000, 0x0000000100000000)
GC Heap History (10 events):
Event: 286.213 GC heap before
{Heap before GC invocations=34 (full 4):
 par new generation   total 39296K, used 39029K [0x00000000bb400000, 0x00000000bdea0000, 0x00000000cae00000)
  eden space 34944K, 100% used [0x00000000bb400000, 0x00000000bd620000, 0x00000000bd620000)
  from space 4352K,  93% used [0x00000000bd620000, 0x00000000bda1d600, 0x00000000bda60000)
  to   space 4352K,   0% used [0x00000000bda60000, 0x00000000bda60000, 0x00000000bdea0000)
 concurrent mark-sweep generation total 136868K, used 93653K [0x00000000cae00000, 0x00000000d33a9000, 0x00000000ea200000)
 concurrent-mark-sweep perm gen total 158120K, used 102200K [0x00000000ea200000, 0x00000000f3c6a000, 0x0000000100000000)
Event: 286.219 GC heap after
Heap after GC invocations=35 (full 4):
 par new generation   total 39296K, used 2158K [0x00000000bb400000, 0x00000000bdea0000, 0x00000000cae00000)
  eden space 34944K,   0% used [0x00000000bb400000, 0x00000000bb400000, 0x00000000bd620000)
  from space 4352K,  49% used [0x00000000bda60000, 0x00000000bdc7b990, 0x00000000bdea0000)
  to   space 4352K,   0% used [0x00000000bd620000, 0x00000000bd620000, 0x00000000bda60000)
 concurrent mark-sweep generation total 136868K, used 93653K [0x00000000cae00000, 0x00000000d33a9000, 0x00000000ea200000)
 concurrent-mark-sweep perm gen total 158120K, used 102200K [0x00000000ea200000, 0x00000000f3c6a000, 0x0000000100000000)
}
Event: 306.706 GC heap before
{Heap before GC invocations=35 (full 4):
 par new generation   total 39296K, used 37102K [0x00000000bb400000, 0x00000000bdea0000, 0x00000000cae00000)
  eden space 34944K, 100% used [0x00000000bb400000, 0x00000000bd620000, 0x00000000bd620000)
  from space 4352K,  49% used [0x00000000bda60000, 0x00000000bdc7b990, 0x00000000bdea0000)
  to   space 4352K,   0% used [0x00000000bd620000, 0x00000000bd620000, 0x00000000bda60000)
 concurrent mark-sweep generation total 136868K, used 93653K [0x00000000cae00000, 0x00000000d33a9000, 0x00000000ea200000)
 concurrent-mark-sweep perm gen total 158120K, used 102283K [0x00000000ea200000, 0x00000000f3c6a000, 0x0000000100000000)
Event: 306.712 GC heap after
Heap after GC invocations=36 (full 4):
 par new generation   total 39296K, used 2238K [0x00000000bb400000, 0x00000000bdea0000, 0x00000000cae00000)
  eden space 34944K,   0% used [0x00000000bb400000, 0x00000000bb400000, 0x00000000bd620000)
  from space 4352K,  51% used [0x00000000bd620000, 0x00000000bd84fb78, 0x00000000bda60000)
  to   space 4352K,   0% used [0x00000000bda60000, 0x00000000bda60000, 0x00000000bdea0000)
 concurrent mark-sweep generation total 136868K, used 93653K [0x00000000cae00000, 0x00000000d33a9000, 0x00000000ea200000)
 concurrent-mark-sweep perm gen total 158120K, used 102283K [0x00000000ea200000, 0x00000000f3c6a000, 0x0000000100000000)
}
Event: 308.890 GC heap before
{Heap before GC invocations=36 (full 4):
 par new generation   total 39296K, used 37182K [0x00000000bb400000, 0x00000000bdea0000, 0x00000000cae00000)
  eden space 34944K, 100% used [0x00000000bb400000, 0x00000000bd620000, 0x00000000bd620000)
  from space 4352K,  51% used [0x00000000bd620000, 0x00000000bd84fb78, 0x00000000bda60000)
  to   space 4352K,   0% used [0x00000000bda60000, 0x00000000bda60000, 0x00000000bdea0000)
 concurrent mark-sweep generation total 136868K, used 93653K [0x00000000cae00000, 0x00000000d33a9000, 0x00000000ea200000)
 concurrent-mark-sweep perm gen total 158120K, used 102458K [0x00000000ea200000, 0x00000000f3c6a000, 0x0000000100000000)
Event: 308.909 GC heap after
Heap after GC invocations=37 (full 4):
 par new generation   total 39296K, used 4352K [0x00000000bb400000, 0x00000000bdea0000, 0x00000000cae00000)
  eden space 34944K,   0% used [0x00000000bb400000, 0x00000000bb400000, 0x00000000bd620000)
  from space 4352K, 100% used [0x00000000bda60000, 0x00000000bdea0000, 0x00000000bdea0000)
  to   space 4352K,   0% used [0x00000000bd620000, 0x00000000bd620000, 0x00000000bda60000)
 concurrent mark-sweep generation total 136868K, used 97388K [0x00000000cae00000, 0x00000000d33a9000, 0x00000000ea200000)
 concurrent-mark-sweep perm gen total 158120K, used 102458K [0x00000000ea200000, 0x00000000f3c6a000, 0x0000000100000000)
}
Event: 354.928 GC heap before
{Heap before GC invocations=37 (full 4):
 par new generation   total 39296K, used 37135K [0x00000000bb400000, 0x00000000bdea0000, 0x00000000cae00000)
  eden space 34944K,  93% used [0x00000000bb400000, 0x00000000bd403d38, 0x00000000bd620000)
  from space 4352K, 100% used [0x00000000bda60000, 0x00000000bdea0000, 0x00000000bdea0000)
  to   space 4352K,   0% used [0x00000000bd620000, 0x00000000bd620000, 0x00000000bda60000)
 concurrent mark-sweep generation total 136868K, used 97388K [0x00000000cae00000, 0x00000000d33a9000, 0x00000000ea200000)
 concurrent-mark-sweep perm gen total 158120K, used 102513K [0x00000000ea200000, 0x00000000f3c6a000, 0x0000000100000000)
Event: 354.942 GC heap after
Heap after GC invocations=38 (full 4):
 par new generation   total 39296K, used 3426K [0x00000000bb400000, 0x00000000bdea0000, 0x00000000cae00000)
  eden space 34944K,   0% used [0x00000000bb400000, 0x00000000bb400000, 0x00000000bd620000)
  from space 4352K,  78% used [0x00000000bd620000, 0x00000000bd9788a0, 0x00000000bda60000)
  to   space 4352K,   0% used [0x00000000bda60000, 0x00000000bda60000, 0x00000000bdea0000)
 concurrent mark-sweep generation total 136868K, used 101565K [0x00000000cae00000, 0x00000000d33a9000, 0x00000000ea200000)
 concurrent-mark-sweep perm gen total 158120K, used 102513K [0x00000000ea200000, 0x00000000f3c6a000, 0x0000000100000000)
}
Event: 376.307 GC heap before
{Heap before GC invocations=38 (full 4):
 par new generation   total 39296K, used 38370K [0x00000000bb400000, 0x00000000bdea0000, 0x00000000cae00000)
  eden space 34944K, 100% used [0x00000000bb400000, 0x00000000bd620000, 0x00000000bd620000)
  from space 4352K,  78% used [0x00000000bd620000, 0x00000000bd9788a0, 0x00000000bda60000)
  to   space 4352K,   0% used [0x00000000bda60000, 0x00000000bda60000, 0x00000000bdea0000)
 concurrent mark-sweep generation total 136868K, used 101565K [0x00000000cae00000, 0x00000000d33a9000, 0x00000000ea200000)
 concurrent-mark-sweep perm gen total 158120K, used 102737K [0x00000000ea200000, 0x00000000f3c6a000, 0x0000000100000000)
Event: 376.314 GC heap after
Heap after GC invocations=39 (full 4):
 par new generation   total 39296K, used 2117K [0x00000000bb400000, 0x00000000bdea0000, 0x00000000cae00000)
  eden space 34944K,   0% used [0x00000000bb400000, 0x00000000bb400000, 0x00000000bd620000)
  from space 4352K,  48% used [0x00000000bda60000, 0x00000000bdc71408, 0x00000000bdea0000)
  to   space 4352K,   0% used [0x00000000bd620000, 0x00000000bd620000, 0x00000000bda60000)
 concurrent mark-sweep generation total 136868K, used 101565K [0x00000000cae00000, 0x00000000d33a9000, 0x00000000ea200000)
 concurrent-mark-sweep perm gen total 158120K, used 102737K [0x00000000ea200000, 0x00000000f3c6a000, 0x0000000100000000)
}

