# JRE version: 6.0_30-b30
# Java VM: OpenJDK 64-Bit Server VM (23.25-b01 mixed mode linux-amd64 compressed oops)
Heap
 par new generation   total 39296K, used 33081K [0x00000000bb400000, 0x00000000bdea0000, 0x00000000cae00000)
  eden space 34944K,  86% used [0x00000000bb400000, 0x00000000bd1aea08, 0x00000000bd620000)
  from space 4352K,  61% used [0x00000000bda60000, 0x00000000bdcffb88, 0x00000000bdea0000)
  to   space 4352K,   0% used [0x00000000bd620000, 0x00000000bd620000, 0x00000000bda60000)
 concurrent mark-sweep generation total 142940K, used 94460K [0x00000000cae00000, 0x00000000d3997000, 0x00000000ea200000)
 concurrent-mark-sweep perm gen total 176744K, used 106196K [0x00000000ea200000, 0x00000000f4e9a000, 0x0000000100000000)
GC Heap History (10 events):
Event: 2175.526 GC heap before
{Heap before GC invocations=118 (full 7):
 par new generation   total 39296K, used 39043K [0x00000000bb400000, 0x00000000bdea0000, 0x00000000cae00000)
  eden space 34944K, 100% used [0x00000000bb400000, 0x00000000bd620000, 0x00000000bd620000)
  from space 4352K,  94% used [0x00000000bd620000, 0x00000000bda20e30, 0x00000000bda60000)
  to   space 4352K,   0% used [0x00000000bda60000, 0x00000000bda60000, 0x00000000bdea0000)
 concurrent mark-sweep generation total 142940K, used 94460K [0x00000000cae00000, 0x00000000d3997000, 0x00000000ea200000)
 concurrent-mark-sweep perm gen total 176744K, used 106178K [0x00000000ea200000, 0x00000000f4e9a000, 0x0000000100000000)
Event: 2175.530 GC heap after
Heap after GC invocations=119 (full 7):
 par new generation   total 39296K, used 1500K [0x00000000bb400000, 0x00000000bdea0000, 0x00000000cae00000)
  eden space 34944K,   0% used [0x00000000bb400000, 0x00000000bb400000, 0x00000000bd620000)
  from space 4352K,  34% used [0x00000000bda60000, 0x00000000bdbd7368, 0x00000000bdea0000)
  to   space 4352K,   0% used [0x00000000bd620000, 0x00000000bd620000, 0x00000000bda60000)
 concurrent mark-sweep generation total 142940K, used 94460K [0x00000000cae00000, 0x00000000d3997000, 0x00000000ea200000)
 concurrent-mark-sweep perm gen total 176744K, used 106178K [0x00000000ea200000, 0x00000000f4e9a000, 0x0000000100000000)
}
Event: 2182.616 GC heap before
{Heap before GC invocations=119 (full 7):
 par new generation   total 39296K, used 36444K [0x00000000bb400000, 0x00000000bdea0000, 0x00000000cae00000)
  eden space 34944K, 100% used [0x00000000bb400000, 0x00000000bd620000, 0x00000000bd620000)
  from space 4352K,  34% used [0x00000000bda60000, 0x00000000bdbd7368, 0x00000000bdea0000)
  to   space 4352K,   0% used [0x00000000bd620000, 0x00000000bd620000, 0x00000000bda60000)
 concurrent mark-sweep generation total 142940K, used 94460K [0x00000000cae00000, 0x00000000d3997000, 0x00000000ea200000)
 concurrent-mark-sweep perm gen total 176744K, used 106179K [0x00000000ea200000, 0x00000000f4e9a000, 0x0000000100000000)
Event: 2182.621 GC heap after
Heap after GC invocations=120 (full 7):
 par new generation   total 39296K, used 1441K [0x00000000bb400000, 0x00000000bdea0000, 0x00000000cae00000)
  eden space 34944K,   0% used [0x00000000bb400000, 0x00000000bb400000, 0x00000000bd620000)
  from space 4352K,  33% used [0x00000000bd620000, 0x00000000bd788600, 0x00000000bda60000)
  to   space 4352K,   0% used [0x00000000bda60000, 0x00000000bda60000, 0x00000000bdea0000)
 concurrent mark-sweep generation total 142940K, used 94460K [0x00000000cae00000, 0x00000000d3997000, 0x00000000ea200000)
 concurrent-mark-sweep perm gen total 176744K, used 106179K [0x00000000ea200000, 0x00000000f4e9a000, 0x0000000100000000)
}
Event: 2188.271 GC heap before
{Heap before GC invocations=120 (full 7):
 par new generation   total 39296K, used 36385K [0x00000000bb400000, 0x00000000bdea0000, 0x00000000cae00000)
  eden space 34944K, 100% used [0x00000000bb400000, 0x00000000bd620000, 0x00000000bd620000)
  from space 4352K,  33% used [0x00000000bd620000, 0x00000000bd788600, 0x00000000bda60000)
  to   space 4352K,   0% used [0x00000000bda60000, 0x00000000bda60000, 0x00000000bdea0000)
 concurrent mark-sweep generation total 142940K, used 94460K [0x00000000cae00000, 0x00000000d3997000, 0x00000000ea200000)
 concurrent-mark-sweep perm gen total 176744K, used 106180K [0x00000000ea200000, 0x00000000f4e9a000, 0x0000000100000000)
Event: 2188.282 GC heap after
Heap after GC invocations=121 (full 7):
 par new generation   total 39296K, used 1631K [0x00000000bb400000, 0x00000000bdea0000, 0x00000000cae00000)
  eden space 34944K,   0% used [0x00000000bb400000, 0x00000000bb400000, 0x00000000bd620000)
  from space 4352K,  37% used [0x00000000bda60000, 0x00000000bdbf7fc0, 0x00000000bdea0000)
  to   space 4352K,   0% used [0x00000000bd620000, 0x00000000bd620000, 0x00000000bda60000)
 concurrent mark-sweep generation total 142940K, used 94460K [0x00000000cae00000, 0x00000000d3997000, 0x00000000ea200000)
 concurrent-mark-sweep perm gen total 176744K, used 106180K [0x00000000ea200000, 0x00000000f4e9a000, 0x0000000100000000)
}
Event: 2202.352 GC heap before
{Heap before GC invocations=121 (full 7):
 par new generation   total 39296K, used 36575K [0x00000000bb400000, 0x00000000bdea0000, 0x00000000cae00000)
  eden space 34944K, 100% used [0x00000000bb400000, 0x00000000bd620000, 0x00000000bd620000)
  from space 4352K,  37% used [0x00000000bda60000, 0x00000000bdbf7fc0, 0x00000000bdea0000)
  to   space 4352K,   0% used [0x00000000bd620000, 0x00000000bd620000, 0x00000000bda60000)
 concurrent mark-sweep generation total 142940K, used 94460K [0x00000000cae00000, 0x00000000d3997000, 0x00000000ea200000)
 concurrent-mark-sweep perm gen total 176744K, used 106184K [0x00000000ea200000, 0x00000000f4e9a000, 0x0000000100000000)
Event: 2202.358 GC heap after
Heap after GC invocations=122 (full 7):
 par new generation   total 39296K, used 2187K [0x00000000bb400000, 0x00000000bdea0000, 0x00000000cae00000)
  eden space 34944K,   0% used [0x00000000bb400000, 0x00000000bb400000, 0x00000000bd620000)
  from space 4352K,  50% used [0x00000000bd620000, 0x00000000bd842e18, 0x00000000bda60000)
  to   space 4352K,   0% used [0x00000000bda60000, 0x00000000bda60000, 0x00000000bdea0000)
 concurrent mark-sweep generation total 142940K, used 94460K [0x00000000cae00000, 0x00000000d3997000, 0x00000000ea200000)
 concurrent-mark-sweep perm gen total 176744K, used 106184K [0x00000000ea200000, 0x00000000f4e9a000, 0x0000000100000000)
}
Event: 2208.748 GC heap before
{Heap before GC invocations=122 (full 7):
 par new generation   total 39296K, used 37131K [0x00000000bb400000, 0x00000000bdea0000, 0x00000000cae00000)
  eden space 34944K, 100% used [0x00000000bb400000, 0x00000000bd620000, 0x00000000bd620000)
  from space 4352K,  50% used [0x00000000bd620000, 0x00000000bd842e18, 0x00000000bda60000)
  to   space 4352K,   0% used [0x00000000bda60000, 0x00000000bda60000, 0x00000000bdea0000)
 concurrent mark-sweep generation total 142940K, used 94460K [0x00000000cae00000, 0x00000000d3997000, 0x00000000ea200000)
 concurrent-mark-sweep perm gen total 176744K, used 106192K [0x00000000ea200000, 0x00000000f4e9a000, 0x0000000100000000)
Event: 2208.753 GC heap after
Heap after GC invocations=123 (full 7):
 par new generation   total 39296K, used 2686K [0x00000000bb400000, 0x00000000bdea0000, 0x00000000cae00000)
  eden space 34944K,   0% used [0x00000000bb400000, 0x00000000bb400000, 0x00000000bd620000)
  from space 4352K,  61% used [0x00000000bda60000, 0x00000000bdcffb88, 0x00000000bdea0000)
  to   space 4352K,   0% used [0x00000000bd620000, 0x00000000bd620000, 0x00000000bda60000)
 concurrent mark-sweep generation total 142940K, used 94460K [0x00000000cae00000, 0x00000000d3997000, 0x00000000ea200000)
 concurrent-mark-sweep perm gen total 176744K, used 106192K [0x00000000ea200000, 0x00000000f4e9a000, 0x0000000100000000)
}

